PIF
Size: 51
int | -1
identifier | 0
; | -1
int | -1
identifier | 1
; | -1
identifier | 0
= | -1
int_const | 2
; | -1
identifier | 1
= | -1
int_const | 3
; | -1
int | -1
identifier | 4
; | -1
identifier | 4
= | -1
identifier | 1
; | -1
while | -1
( | -1
identifier | 1
> | -1
- | -1
int_const | 2
) | -1
{ | -1
identifier | 4
= | -1
identifier | 0
% | -1
identifier | 1
; | -1
identifier | 0
= | -1
identifier | 1
; | -1
identifier | 1
= | -1
identifier | 4
; | -1
} | -1
write | -1
( | -1
identifier | 0
) | -1
; | -1
return | -1
; | -1
