PIF
Size: 63
int | -1
identifier | 6
; | -1
int | -1
identifier | 7
; | -1
int | -1
identifier | 8
; | -1
read | -1
( | -1
identifier | 6
) | -1
; | -1
read | -1
( | -1
identifier | 7
) | -1
; | -1
read | -1
( | -1
identifier | 8
) | -1
; | -1
if | -1
( | -1
identifier | 6
>= | -1
identifier | 7
&& | -1
identifier | 6
>= | -1
identifier | 8
) | -1
{ | -1
write | -1
( | -1
str_const | 9
return | -1
; | -1
} | -1
if | -1
( | -1
identifier | 7
>= | -1
identifier | 6
&& | -1
identifier | 7
>= | -1
identifier | 8
) | -1
{ | -1
write | -1
( | -1
str_const | 10
return | -1
; | -1
} | -1
write | -1
( | -1
str_const | 11
return | -1
; | -1
