PIF
Size: 83
int | -1
identifier | 12
; | -1
read | -1
( | -1
identifier | 12
) | -1
; | -1
if | -1
( | -1
identifier | 12
== | -1
int_const | 13
) | -1
{ | -1
write | -1
( | -1
str_const | 14
return | -1
; | -1
} | -1
if | -1
( | -1
identifier | 12
< | -1
int_const | 13
|| | -1
identifier | 12
% | -1
int_const | 13
== | -1
int_const | 17
) | -1
{ | -1
write | -1
( | -1
str_const | 18
return | -1
; | -1
} | -1
int | -1
identifier | 19
; | -1
identifier | 19
= | -1
int_const | 20
; | -1
while | -1
( | -1
identifier | 19
* | -1
identifier | 19
<= | -1
identifier | 12
) | -1
{ | -1
if | -1
( | -1
identifier | 12
% | -1
identifier | 19
== | -1
int_const | 17
) | -1
{ | -1
write | -1
( | -1
str_const | 18
return | -1
; | -1
} | -1
identifier | 19
= | -1
identifier | 19
+ | -1
int_const | 13
; | -1
} | -1
write | -1
( | -1
str_const | 14
return | -1
; | -1
